# JRE version: Java(TM) SE Runtime Environment (8.0_202-b08) (build 1.8.0_202-b08)
# Java VM: Java HotSpot(TM) 64-Bit Server VM (25.202-b08 mixed mode windows-amd64 compressed oops)
Heap:
 PSYoungGen      total 66560K, used 40823K [0x00000000d8780000, 0x00000000e1280000, 0x0000000100000000)
  eden space 61440K, 58% used [0x00000000d8780000,0x00000000daa608d0,0x00000000dc380000)
  from space 5120K, 99% used [0x00000000dc380000,0x00000000dc87d3b8,0x00000000dc880000)
  to   space 9728K, 0% used [0x00000000e0900000,0x00000000e0900000,0x00000000e1280000)
 ParOldGen       total 81920K, used 4765K [0x0000000089600000, 0x000000008e600000, 0x00000000d8780000)
  object space 81920K, 5% used [0x0000000089600000,0x0000000089aa7548,0x000000008e600000)
 Metaspace       used 19990K, capacity 20734K, committed 20864K, reserved 1067008K
  class space    used 2476K, capacity 2675K, committed 2688K, reserved 1048576K
GC Heap History (10 events):
Event: 2.264 GC heap before
{Heap before GC invocations=1 (full 0):
 PSYoungGen      total 35840K, used 30720K [0x00000000d8780000, 0x00000000daf80000, 0x0000000100000000)
  eden space 30720K, 100% used [0x00000000d8780000,0x00000000da580000,0x00000000da580000)
  from space 5120K, 0% used [0x00000000daa80000,0x00000000daa80000,0x00000000daf80000)
  to   space 5120K, 0% used [0x00000000da580000,0x00000000da580000,0x00000000daa80000)
 ParOldGen       total 81920K, used 0K [0x0000000089600000, 0x000000008e600000, 0x00000000d8780000)
  object space 81920K, 0% used [0x0000000089600000,0x0000000089600000,0x000000008e600000)
 Metaspace       used 7714K, capacity 7862K, committed 8192K, reserved 1056768K
  class space    used 879K, capacity 947K, committed 1024K, reserved 1048576K
Event: 2.280 GC heap after
Heap after GC invocations=1 (full 0):
 PSYoungGen      total 35840K, used 4439K [0x00000000d8780000, 0x00000000daf80000, 0x0000000100000000)
  eden space 30720K, 0% used [0x00000000d8780000,0x00000000d8780000,0x00000000da580000)
  from space 5120K, 86% used [0x00000000da580000,0x00000000da9d5de0,0x00000000daa80000)
  to   space 5120K, 0% used [0x00000000daa80000,0x00000000daa80000,0x00000000daf80000)
 ParOldGen       total 81920K, used 8K [0x0000000089600000, 0x000000008e600000, 0x00000000d8780000)
  object space 81920K, 0% used [0x0000000089600000,0x0000000089602000,0x000000008e600000)
 Metaspace       used 7714K, capacity 7862K, committed 8192K, reserved 1056768K
  class space    used 879K, capacity 947K, committed 1024K, reserved 1048576K
}
Event: 2.313 GC heap before
{Heap before GC invocations=2 (full 0):
 PSYoungGen      total 35840K, used 35130K [0x00000000d8780000, 0x00000000daf80000, 0x0000000100000000)
  eden space 30720K, 99% used [0x00000000d8780000,0x00000000da578db0,0x00000000da580000)
  from space 5120K, 86% used [0x00000000da580000,0x00000000da9d5de0,0x00000000daa80000)
  to   space 5120K, 0% used [0x00000000daa80000,0x00000000daa80000,0x00000000daf80000)
 ParOldGen       total 81920K, used 8K [0x0000000089600000, 0x000000008e600000, 0x00000000d8780000)
  object space 81920K, 0% used [0x0000000089600000,0x0000000089602000,0x000000008e600000)
 Metaspace       used 7721K, capacity 7862K, committed 8192K, reserved 1056768K
  class space    used 879K, capacity 947K, committed 1024K, reserved 1048576K
Event: 2.319 GC heap after
Heap after GC invocations=2 (full 0):
 PSYoungGen      total 35840K, used 2311K [0x00000000d8780000, 0x00000000dcd80000, 0x0000000100000000)
  eden space 30720K, 0% used [0x00000000d8780000,0x00000000d8780000,0x00000000da580000)
  from space 5120K, 45% used [0x00000000daa80000,0x00000000dacc1e00,0x00000000daf80000)
  to   space 5120K, 0% used [0x00000000da580000,0x00000000da580000,0x00000000daa80000)
 ParOldGen       total 81920K, used 16K [0x0000000089600000, 0x000000008e600000, 0x00000000d8780000)
  object space 81920K, 0% used [0x0000000089600000,0x0000000089604000,0x000000008e600000)
 Metaspace       used 7721K, capacity 7862K, committed 8192K, reserved 1056768K
  class space    used 879K, capacity 947K, committed 1024K, reserved 1048576K
}
Event: 2.946 GC heap before
{Heap before GC invocations=3 (full 0):
 PSYoungGen      total 35840K, used 33031K [0x00000000d8780000, 0x00000000dcd80000, 0x0000000100000000)
  eden space 30720K, 100% used [0x00000000d8780000,0x00000000da580000,0x00000000da580000)
  from space 5120K, 45% used [0x00000000daa80000,0x00000000dacc1e00,0x00000000daf80000)
  to   space 5120K, 0% used [0x00000000da580000,0x00000000da580000,0x00000000daa80000)
 ParOldGen       total 81920K, used 16K [0x0000000089600000, 0x000000008e600000, 0x00000000d8780000)
  object space 81920K, 0% used [0x0000000089600000,0x0000000089604000,0x000000008e600000)
 Metaspace       used 10915K, capacity 11338K, committed 11520K, reserved 1058816K
  class space    used 1298K, capacity 1420K, committed 1536K, reserved 1048576K
Event: 2.953 GC heap after
Heap after GC invocations=3 (full 0):
 PSYoungGen      total 35840K, used 4494K [0x00000000d8780000, 0x00000000dcd80000, 0x0000000100000000)
  eden space 30720K, 0% used [0x00000000d8780000,0x00000000d8780000,0x00000000da580000)
  from space 5120K, 87% used [0x00000000da580000,0x00000000da9e3898,0x00000000daa80000)
  to   space 5120K, 0% used [0x00000000dc880000,0x00000000dc880000,0x00000000dcd80000)
 ParOldGen       total 81920K, used 24K [0x0000000089600000, 0x000000008e600000, 0x00000000d8780000)
  object space 81920K, 0% used [0x0000000089600000,0x0000000089606000,0x000000008e600000)
 Metaspace       used 10915K, capacity 11338K, committed 11520K, reserved 1058816K
  class space    used 1298K, capacity 1420K, committed 1536K, reserved 1048576K
}
Event: 3.555 GC heap before
{Heap before GC invocations=4 (full 0):
 PSYoungGen      total 35840K, used 35214K [0x00000000d8780000, 0x00000000dcd80000, 0x0000000100000000)
  eden space 30720K, 100% used [0x00000000d8780000,0x00000000da580000,0x00000000da580000)
  from space 5120K, 87% used [0x00000000da580000,0x00000000da9e3898,0x00000000daa80000)
  to   space 5120K, 0% used [0x00000000dc880000,0x00000000dc880000,0x00000000dcd80000)
 ParOldGen       total 81920K, used 24K [0x0000000089600000, 0x000000008e600000, 0x00000000d8780000)
  object space 81920K, 0% used [0x0000000089600000,0x0000000089606000,0x000000008e600000)
 Metaspace       used 14603K, capacity 15132K, committed 15232K, reserved 1062912K
  class space    used 1760K, capacity 1919K, committed 1920K, reserved 1048576K
Event: 3.582 GC heap after
Heap after GC invocations=4 (full 0):
 PSYoungGen      total 66560K, used 5114K [0x00000000d8780000, 0x00000000dcd80000, 0x0000000100000000)
  eden space 61440K, 0% used [0x00000000d8780000,0x00000000d8780000,0x00000000dc380000)
  from space 5120K, 99% used [0x00000000dc880000,0x00000000dcd7eb80,0x00000000dcd80000)
  to   space 5120K, 0% used [0x00000000dc380000,0x00000000dc380000,0x00000000dc880000)
 ParOldGen       total 81920K, used 1193K [0x0000000089600000, 0x000000008e600000, 0x00000000d8780000)
  object space 81920K, 1% used [0x0000000089600000,0x000000008972a420,0x000000008e600000)
 Metaspace       used 14603K, capacity 15132K, committed 15232K, reserved 1062912K
  class space    used 1760K, capacity 1919K, committed 1920K, reserved 1048576K
}
Event: 4.912 GC heap before
{Heap before GC invocations=5 (full 0):
 PSYoungGen      total 66560K, used 66542K [0x00000000d8780000, 0x00000000dcd80000, 0x0000000100000000)
  eden space 61440K, 99% used [0x00000000d8780000,0x00000000dc37cd38,0x00000000dc380000)
  from space 5120K, 99% used [0x00000000dc880000,0x00000000dcd7eb80,0x00000000dcd80000)
  to   space 5120K, 0% used [0x00000000dc380000,0x00000000dc380000,0x00000000dc880000)
 ParOldGen       total 81920K, used 1193K [0x0000000089600000, 0x000000008e600000, 0x00000000d8780000)
  object space 81920K, 1% used [0x0000000089600000,0x000000008972a420,0x000000008e600000)
 Metaspace       used 19082K, capacity 19738K, committed 19968K, reserved 1067008K
  class space    used 2362K, capacity 2516K, committed 2560K, reserved 1048576K
Event: 4.930 GC heap after
Heap after GC invocations=5 (full 0):
 PSYoungGen      total 66560K, used 5108K [0x00000000d8780000, 0x00000000e1280000, 0x0000000100000000)
  eden space 61440K, 0% used [0x00000000d8780000,0x00000000d8780000,0x00000000dc380000)
  from space 5120K, 99% used [0x00000000dc380000,0x00000000dc87d3b8,0x00000000dc880000)
  to   space 9728K, 0% used [0x00000000e0900000,0x00000000e0900000,0x00000000e1280000)
 ParOldGen       total 81920K, used 4765K [0x0000000089600000, 0x000000008e600000, 0x00000000d8780000)
  object space 81920K, 5% used [0x0000000089600000,0x0000000089aa7548,0x000000008e600000)
 Metaspace       used 19082K, capacity 19738K, committed 19968K, reserved 1067008K
  class space    used 2362K, capacity 2516K, committed 2560K, reserved 1048576K
}

